{"numFailedTestSuites":0,"numFailedTests":0,"numPassedTestSuites":2,"numPassedTests":2,"numPendingTestSuites":0,"numPendingTests":0,"numRuntimeErrorTestSuites":0,"numTodoTests":0,"numTotalTestSuites":2,"numTotalTests":2,"openHandles":[],"snapshot":{"added":0,"didUpdate":false,"failure":false,"filesAdded":0,"filesRemoved":0,"filesRemovedList":[],"filesUnmatched":0,"filesUpdated":0,"matched":0,"total":0,"unchecked":0,"uncheckedKeysByFile":[],"unmatched":0,"updated":0},"startTime":1648117885789,"success":false,"testResults":[{"assertionResults":[{"ancestorTitles":[],"failureMessages":[],"fullName":"should bootstrap jest","location":null,"status":"passed","title":"should bootstrap jest"}],"endTime":1648117890032,"message":"","name":"/Users/ianposs/Sites/kubeapp-comps/projects/test.ts","startTime":1648117887238,"status":"passed","summary":""},{"assertionResults":[{"ancestorTitles":["ReadmeComponent"],"failureMessages":[],"fullName":"ReadmeComponent should create","location":null,"status":"passed","title":"should create"}],"endTime":1648117890486,"message":"","name":"/Users/ianposs/Sites/kubeapp-comps/projects/stories/src/lib/readme/readme.component.spec.ts","startTime":1648117887238,"status":"passed","summary":""}],"wasInterrupted":false,"coverageMap":{"/Users/ianposs/Sites/kubeapp-comps/projects/stories/src/lib/decorators/required.decorator.ts":{"path":"/Users/ianposs/Sites/kubeapp-comps/projects/stories/src/lib/decorators/required.decorator.ts","statementMap":{"0":{"start":{"line":2,"column":4},"end":{"line":14,"column":7}},"1":{"start":{"line":4,"column":12},"end":{"line":4,"column":68}},"2":{"start":{"line":7,"column":12},"end":{"line":11,"column":15}},"3":{"start":{"line":1,"column":0},"end":{"line":1,"column":16}}},"fnMap":{"0":{"name":"Required","decl":{"start":{"line":1,"column":16},"end":{"line":1,"column":24}},"loc":{"start":{"line":1,"column":60},"end":{"line":15,"column":1}}},"1":{"name":"(anonymous_1)","decl":{"start":{"line":3,"column":8},"end":{"line":3,"column":11}},"loc":{"start":{"line":3,"column":11},"end":{"line":5,"column":9}}},"2":{"name":"(anonymous_2)","decl":{"start":{"line":6,"column":8},"end":{"line":6,"column":11}},"loc":{"start":{"line":6,"column":17},"end":{"line":12,"column":9}}}},"branchMap":{},"s":{"0":0,"1":0,"2":0,"3":0},"f":{"0":0,"1":0,"2":0},"b":{}}}}